{"level":"info","message":"Database initialized successfully."}
{"level":"info","message":"Connected to RabbitMQ, listening to queue: email"}
{"level":"info","message":"Email Service is running"}
{"level":"info","message":"Database initialized successfully."}
{"level":"info","message":"Connected to RabbitMQ, listening to queue: email"}
{"level":"info","message":"Email Service is running"}
{"level":"info","message":"Database initialized successfully."}
{"level":"info","message":"Connected to RabbitMQ, listening to queue: email"}
{"level":"info","message":"Email Service is running"}
{"level":"info","message":"Database initialized successfully."}
{"level":"info","message":"Connected to RabbitMQ, listening to queue: email"}
{"level":"info","message":"Email Service is running"}
{"level":"info","message":"Received notification: {\"type\":\"email\",\"recipient\":\"warmail222@mail.ru\",\"message\":\"Hello, this is a test notification.\",\"id\":61}"}
{"level":"info","message":"Email sent: <b9a8c450-699e-e578-3c1f-858a16bf6141@yandex.ru>"}
{"level":"info","message":"Received notification: {\"type\":\"email\",\"recipient\":\"user@example.com\",\"message\":\"Hello, this is a test notification.\",\"attachments\":[{\"filename\":\"example.jpg\",\"path\":\"https://example.com/example.jpg\"}],\"media\":\"https://example.com/image.jpg\",\"id\":65}"}
{"level":"error","message":"Error sending email: Invalid status code 404"}
{"level":"error","message":"Failed to send email: Invalid status code 404"}
{"level":"info","message":"Received notification: {\"type\":\"email\",\"recipient\":\"user@example.com\",\"message\":\"Hello, this is a test notification.\",\"attachments\":[{\"filename\":\"example.jpg\",\"path\":\"https://example.com/example.jpg\"}],\"media\":\"https://example.com/image.jpg\",\"id\":65}"}
{"level":"error","message":"Error sending email: Invalid status code 404"}
{"level":"error","message":"Failed to send email: Invalid status code 404"}
{"level":"info","message":"Database initialized successfully."}
{"level":"info","message":"Connected to RabbitMQ, listening to queue: email"}
{"level":"info","message":"Email Service is running"}
{"level":"info","message":"Database initialized successfully."}
{"level":"info","message":"Connected to RabbitMQ, listening to queue: email"}
{"level":"info","message":"Email Service is running"}
{"level":"info","message":"Database initialized successfully."}
{"level":"info","message":"Connected to RabbitMQ, listening to queue: email"}
{"level":"info","message":"Email Service is running"}
{"level":"info","message":"Received notification: {\"type\":\"email\",\"recipient\":\"warmail222@mail.ru\",\"message\":\"Hello, this is a test notification.\",\"id\":66}"}
{"level":"info","message":"Email sent: <cfd2fad1-c9bf-4ef5-c1e5-3f5aaf3dbdb4@yandex.ru>"}
{"level":"info","message":"Database initialized successfully."}
{"level":"info","message":"Connected to RabbitMQ, listening to queue: email"}
{"level":"info","message":"Email Service is running"}
{"level":"info","message":"Received notification: {\"type\":\"email\",\"recipient\":\"warmail222@mail.ru\",\"message\":\"Hello, this is a test notification.\",\"id\":67}"}
{"level":"info","message":"Received notification: {\"type\":\"email\",\"recipient\":\"war123123mail222@mail.ru\",\"message\":\"Hello, this is a test notification.\",\"id\":68}"}
{"level":"info","message":"Email sent: <8908ad13-0fe4-d6ae-ff2c-b1a003851269@yandex.ru>"}
{"level":"info","message":"Email sent: <b6de5b56-9782-dde1-6f66-b1c9d77e2965@yandex.ru>"}
{"level":"info","message":"Database initialized successfully."}
{"level":"info","message":"Connected to RabbitMQ, listening to queue: email"}
{"level":"info","message":"Email Service is running"}
{"level":"info","message":"Database initialized successfully."}
{"level":"info","message":"Connected to RabbitMQ, listening to queue: email"}
{"level":"info","message":"Email Service is running"}
{"level":"info","message":"Database initialized successfully."}
{"level":"info","message":"Connected to RabbitMQ, listening to queue: email"}
{"level":"info","message":"Email Service is running"}
{"level":"info","message":"Database initialized successfully."}
{"level":"info","message":"Connected to RabbitMQ, listening to queue: email"}
{"level":"info","message":"Email Service is running"}
{"level":"info","message":"Database initialized successfully."}
{"level":"info","message":"Connected to RabbitMQ, listening to queue: email"}
{"level":"info","message":"Email Service is running"}
{"level":"info","message":"Database initialized successfully."}
{"level":"info","message":"Connected to RabbitMQ, listening to queue: email"}
{"level":"info","message":"Email Service is running"}
{"level":"error","message":"Error sending email: Message failed: 554 5.7.1 Message rejected under suspicion of SPAM; https://ya.cc/1IrBc 1735918658-bbjsos3Og8c0-erzjCMlK"}
{"level":"info","message":"Email sent: <633ba713-6e6b-8d0e-4415-30f0e84fe372@yandex.ru>"}
{"level":"error","message":"Error sending email: No recipients defined"}
{"level":"error","message":"Error sending email: No recipients defined"}
{"level":"error","message":"Error sending email: No recipients defined"}
{"level":"info","message":"Database initialized successfully."}
{"level":"info","message":"Connected to RabbitMQ, listening to queue: email"}
{"level":"info","message":"Email Service is running"}
{"level":"info","message":"Database initialized successfully."}
{"level":"info","message":"Connected to RabbitMQ, listening to queue: email"}
{"level":"info","message":"Email Service is running"}
{"level":"info","message":"Email sent: <5e4793c4-72ce-75d4-29fa-c3595f0c59bb@yandex.ru>"}
{"level":"info","message":"Email sent: <ebf057a8-a816-e68d-ad04-5abffd95a7b0@yandex.ru>"}
{"level":"info","message":"Database initialized successfully."}
{"level":"info","message":"Connected to RabbitMQ, listening to queue: email"}
{"level":"info","message":"Email Service is running"}
{"level":"info","message":"Email sent: <12a8f4cf-e38c-759c-419e-fd034b0b348f@yandex.ru>"}
{"level":"error","message":"Error sending email: Message failed: 554 5.7.1 Message rejected under suspicion of SPAM; https://ya.cc/1IrBc 1735919726-QtjJN4kOdeA0-gkTz8c7o"}
{"level":"info","message":"Email sent: <e0b72e86-e345-43c6-0e43-852a8a9fc1fa@yandex.ru>"}
{"level":"info","message":"Database initialized successfully."}
{"level":"info","message":"Connected to RabbitMQ, listening to queue: email"}
{"level":"info","message":"Email Service is running"}
{"level":"info","message":"Database initialized successfully."}
{"level":"info","message":"Connected to RabbitMQ, listening to queue: email"}
{"level":"info","message":"Email Service is runni123123ng"}
{"level":"info","message":"Database initialized successfully."}
{"level":"info","message":"Connected to RabbitMQ, listening to queue: email"}
{"level":"info","message":"Email Service is runni123123ng"}
{"level":"error","message":"Error sending email: Message failed: 554 5.7.1 Message rejected under suspicion of SPAM; https://ya.cc/1IrBc 1735919916-ZwjOux3OfOs0-lcjFvvl1"}
{"level":"error","message":"Error sending email: Message failed: 554 5.7.1 Message rejected under suspicion of SPAM; https://ya.cc/1IrBc 1735919924-iwjRRsEOpuQ0-KKdYa2De"}
{"level":"info","message":"Email sent: <0a8c5b4e-6217-db44-bcac-5821cfb5a812@yandex.ru>"}
{"level":"info","message":"Database initialized successfully."}
{"level":"info","message":"Connected to RabbitMQ, listening to queue: email"}
{"level":"info","message":"Email Service is running"}
{"level":"info","message":"Connected to RabbitMQ, listening to queue: email"}
{"level":"info","message":"Email sent: <9617cb81-3e49-c6c9-d48b-f07f791986f7@yandex.ru>"}
{"level":"info","message":"Connected to RabbitMQ, listening to queue: email"}
{"level":"info","message":"Email sent: <62f20a36-583e-db7c-86eb-879e06a88b4a@yandex.ru>"}
{"level":"info","message":"Database initialized successfully."}
{"level":"info","message":"Connected to RabbitMQ, listening to queue: email"}
{"level":"info","message":"Email Service is running"}
{"level":"info","message":"Database initialized successfully."}
{"level":"info","message":"Connected to RabbitMQ, listening to queue: email"}
{"level":"info","message":"Email Service is running"}
{"level":"error","message":"Error sending email: Message failed: 554 5.7.1 Message rejected under suspicion of SPAM; https://ya.cc/1IrBc 1735920222-g3k6Gg4OfeA0-fJ4MF67F"}
{"level":"info","message":"Connected to RabbitMQ, listening to queue: email"}
{"level":"info","message":"Email sent: <420434b7-4421-57fe-cf55-e91e5e326a47@yandex.ru>"}
{"level":"info","message":"Database initialized successfully."}
{"level":"info","message":"Connected to RabbitMQ, listening to queue: email"}
{"level":"info","message":"Email Service is running"}
{"level":"info","message":"Connected to RabbitMQ, listening to queue: email"}
{"level":"info","message":"Email sent: <2bf3d25d-7923-1c55-d27b-56cabe1531b7@yandex.ru>"}
{"level":"info","message":"Database initialized successfully."}
{"level":"info","message":"Connected to RabbitMQ, listening to queue: email"}
{"level":"info","message":"Email Service is running"}
{"level":"info","message":"Connected to RabbitMQ, listening to queue: email"}
{"level":"info","message":"Email sent: <cc9b5d14-a4fe-33d2-72f8-d50f30990adc@yandex.ru>"}
{"level":"info","message":"Database initialized successfully."}
{"level":"info","message":"Connected to RabbitMQ, listening to queue: email"}
{"level":"info","message":"Email Service is running"}
{"level":"info","message":"Connected to RabbitMQ, listening to queue: email"}
{"level":"info","message":"Email sent: <1855352a-ba3f-e7ba-7fc5-71900476cd8f@yandex.ru>"}
{"level":"info","message":"Database initialized successfully."}
{"level":"info","message":"Connected to RabbitMQ, listening to queue: email"}
{"level":"info","message":"Email Service is running"}
{"level":"info","message":"Database initialized successfully."}
{"level":"info","message":"Connected to RabbitMQ, listening to queue: email"}
{"level":"info","message":"Email Service is running"}
{"level":"info","message":"Email sent: <f04fbc76-20bd-894a-3c57-9d7bf353268d@yandex.ru>"}
{"level":"info","message":"Database initialized successfully."}
{"level":"info","message":"Connected to RabbitMQ, listening to queue: email"}
{"level":"info","message":"Email Service is running"}
{"level":"info","message":"Email sent: <12cc39bd-ff03-cdd5-7eab-5359c50fb7b8@yandex.ru>"}
{"level":"info","message":"Database initialized successfully."}
{"level":"info","message":"Connected to RabbitMQ, listening to queue: email"}
{"level":"info","message":"Email Service is running"}
{"level":"info","message":"Email sent: <5adec04c-dff0-5b73-f42e-77b1a34244c8@yandex.ru>"}
{"level":"info","message":"Database initialized successfully."}
{"level":"info","message":"Connected to RabbitMQ, listening to queue: email"}
{"level":"info","message":"Email Service is running"}
{"level":"info","message":"Database initialized successfully."}
{"level":"info","message":"Connected to RabbitMQ, listening to queue: email"}
{"level":"info","message":"Email Service is running"}
{"level":"info","message":"Database initialized successfully."}
{"level":"info","message":"Connected to RabbitMQ, listening to queue: email"}
{"level":"info","message":"Email Service is running"}
{"level":"error","message":"Error sending email: Message failed: 554 5.7.1 Message rejected under suspicion of SPAM; https://ya.cc/1IrBc 1735922009-SXks2jJOjW20-8BC2tDJM"}
{"level":"info","message":"Email sent: <f9a5bc0d-e009-1878-4888-bc6ded21263e@yandex.ru>"}
{"level":"error","message":"Error sending email: Message failed: 554 5.7.1 Message rejected under suspicion of SPAM; https://ya.cc/1IrBc 1735922395-sdkd7vlOhSw0-vwqgotv3"}
{"level":"info","message":"Email sent: <d77d716b-ed58-a737-b862-0a5f9d7efbab@yandex.ru>"}
{"level":"error","message":"Error sending email: Message failed: 554 5.7.1 Message rejected under suspicion of SPAM; https://ya.cc/1IrBc 1735922434-XekT1grOcCg0-20f3xymW"}
{"level":"info","message":"Email sent: <434287b7-d02f-b9c0-9451-fb766520c4a0@yandex.ru>"}
{"level":"error","message":"Error sending email: saveNotificationToDB is not defined"}
{"level":"info","message":"Connected to RabbitMQ, listening to queue: email"}
{"level":"info","message":"Email sent: <24efb2b9-8e2c-b55d-3af8-bc71e1a91801@yandex.ru>"}
{"level":"info","message":"Database initialized successfully."}
{"level":"info","message":"Connected to RabbitMQ, listening to queue: email"}
{"level":"info","message":"Email Service is running"}
{"level":"info","message":"Database initialized successfully."}
{"level":"info","message":"Connected to RabbitMQ, listening to queue: email"}
{"level":"info","message":"Email Service is running"}
{"level":"info","message":"Notification saved to DB with ID: 69"}
{"level":"error","message":"Error sending email: Message failed: 554 5.7.1 Message rejected under suspicion of SPAM; https://ya.cc/1IrBc 1735922902-LmkwRGHOmW20-Jnsas1lx"}
{"level":"info","message":"Notification saved to DB with ID: 70"}
{"level":"info","message":"Email sent: <70b10b40-4e35-fc89-ec0a-8733f2239f1e@yandex.ru>"}
{"level":"info","message":"Notification saved to DB with ID: 71"}
{"level":"info","message":"Email sent: <8c490eab-3925-e285-2a1c-81efd326b4d1@yandex.ru>"}
{"level":"info","message":"Notification saved to DB with ID: 72"}
{"level":"error","message":"Error sending email: Can't send mail - all recipients were rejected: 501 5.1.3 Bad recipient address syntax 1735922976-ankvSShOq8c0-fMlWTyIt"}
{"level":"info","message":"Notification saved to DB with ID: 73"}
{"level":"error","message":"Error sending email: Message failed: 554 5.7.1 Message rejected under suspicion of SPAM; https://ya.cc/1IrBc 1735922988-lnkc0DFOoqM0-xMYpZbqN"}
{"level":"info","message":"Notification saved to DB with ID: 74"}
{"level":"info","message":"Email sent: <c9a43175-4332-1d6a-2914-fe237f27c303@yandex.ru>"}
{"level":"info","message":"Database initialized successfully."}
{"level":"info","message":"Connected to RabbitMQ, listening to queue: email"}
{"level":"info","message":"Email Service is running"}
{"level":"info","message":"Notification saved to DB with ID: 75"}
{"level":"error","message":"Error sending email: Message failed: 554 5.7.1 Message rejected under suspicion of SPAM; https://ya.cc/1IrBc 1735923249-8sk2w3FOqGk0-C0ZmnOWB"}
{"level":"info","message":"Notification saved to DB with ID: 76"}
{"level":"error","message":"Error sending email: Message failed: 554 5.7.1 Message rejected under suspicion of SPAM; https://ya.cc/1IrBc 1735923257-GskOWr3OmeA0-Oo8LCHv4"}
{"level":"info","message":"Notification saved to DB with ID: 77"}
{"level":"error","message":"Error sending email: Message failed: 554 5.7.1 Message rejected under suspicion of SPAM; https://ya.cc/1IrBc 1735923262-LskExlGOe8c0-hM4WEdDI"}
{"level":"info","message":"Notification saved to DB with ID: 78"}
{"level":"info","message":"Email sent: <6401fc56-ce0a-fc3f-8896-daf3868895e4@yandex.ru>"}
{"level":"info","message":"Database initialized successfully."}
{"level":"info","message":"Connected to RabbitMQ, listening to queue: email"}
{"level":"info","message":"Email Service is running"}
{"level":"info","message":"Notification saved to DB with ID: 83"}
{"level":"info","message":"Email sent: <9bd8af9a-95fd-9e0e-2321-cb7ba72b5e53@yandex.ru>"}
{"level":"info","message":"Database initialized successfully."}
{"level":"info","message":"Connected to RabbitMQ, listening to queue: email"}
{"level":"info","message":"Email Service is running"}
{"level":"info","message":"Notification saved to DB with ID: 84"}
{"level":"error","message":"Error sending email: Message failed: 554 5.7.1 Message rejected under suspicion of SPAM; https://ya.cc/1IrBc 1735924048-S7l26w4OmuQ0-bxS5xFVE"}
{"level":"info","message":"Notification saved to DB with ID: 85"}
{"level":"error","message":"Error sending email: Message failed: 554 5.7.1 Message rejected under suspicion of SPAM; https://ya.cc/1IrBc 1735924053-W7lFFKFOfa60-MGeRDlzN"}
{"level":"info","message":"Notification saved to DB with ID: 86"}
{"level":"info","message":"Email sent: <cbc9c008-7aad-ccd1-9eaa-cb7ffb5e0474@yandex.ru>"}
{"level":"info","message":"Database initialized successfully."}
{"level":"info","message":"Connected to RabbitMQ, listening to queue: email"}
{"level":"info","message":"Email Service is running"}
