{"level":"info","message":"Connected to RabbitMQ and listening to queue: push"}
{"level":"info","message":"Push Service is running"}
{"level":"info","message":"Connected to RabbitMQ and listening to queue: push"}
{"level":"info","message":"Push Service is running"}
{"level":"info","message":"Connected to RabbitMQ and listening to queue: push"}
{"level":"info","message":"Push Service is running"}
{"level":"info","message":"Received push notification: {\"type\":\"push\",\"recipient\":\"eK6QJxK2TcC7lK7eJ8vPbU:APA91bGRmXYZ...\",\"message\":\"Hello from the Notification Gateway!\",\"id\":64}"}
{"level":"error","message":"Failed to send push notification: The registration token is not a valid FCM registration token"}
{"level":"error","message":"Failed to send push notification: The registration token is not a valid FCM registration token"}
{"level":"info","message":"Connected to RabbitMQ and listening to queue: push"}
{"level":"info","message":"Push Service is running"}
{"level":"info","message":"Connected to RabbitMQ and listening to queue: push"}
{"level":"info","message":"Push Service is running"}
{"level":"info","message":"Connected to RabbitMQ and listening to queue: push"}
{"level":"info","message":"Push Service is running"}
{"level":"info","message":"Connected to RabbitMQ and listening to queue: push"}
{"level":"info","message":"Push Service is running"}
{"level":"info","message":"Connected to RabbitMQ and listening to queue: push"}
{"level":"info","message":"Push Service is running"}
{"level":"info","message":"Connected to RabbitMQ and listening to queue: push"}
{"level":"info","message":"Push Service is running"}
{"level":"info","message":"Connected to RabbitMQ and listening to queue: push"}
{"level":"info","message":"Push Service is running"}
{"level":"error","message":"Failed to send push notification: The registration token is not a valid FCM registration token"}
{"level":"info","message":"Connected to RabbitMQ and listening to queue: push"}
{"level":"info","message":"Push Service is running"}
{"level":"info","message":"Connected to RabbitMQ and listening to queue: push"}
{"level":"info","message":"Push Service is running"}
{"level":"error","message":"Failed to send push notification: The registration token is not a valid FCM registration token"}
{"level":"info","message":"Connected to RabbitMQ and listening to queue: push"}
{"level":"info","message":"Push Service is running"}
{"level":"info","message":"Connected to RabbitMQ and listening to queue: push"}
{"level":"info","message":"Push Service is running"}
{"level":"info","message":"Connected to RabbitMQ and listening to queue: push"}
{"level":"info","message":"Push Service is running"}
{"level":"info","message":"Connected to RabbitMQ and listening to queue: push"}
{"level":"info","message":"Push Service is running"}
{"level":"info","message":"Connected to RabbitMQ and listening to queue: push"}
{"level":"info","message":"Push Service is running"}
{"level":"info","message":"Connected to RabbitMQ and listening to queue: push"}
{"level":"info","message":"Push Service is running"}
{"level":"info","message":"Connected to RabbitMQ and listening to queue: push"}
{"level":"info","message":"Push Service is running"}
{"level":"info","message":"Connected to RabbitMQ and listening to queue: push"}
{"level":"info","message":"Push Service is running"}
{"level":"info","message":"Connected to RabbitMQ and listening to queue: push"}
{"level":"info","message":"Push Service is running"}
{"level":"info","message":"Connected to RabbitMQ and listening to queue: push"}
{"level":"info","message":"Push Service is running"}
{"level":"info","message":"Connected to RabbitMQ and listening to queue: push"}
{"level":"info","message":"Push Service is running"}
{"level":"info","message":"Connected to RabbitMQ and listening to queue: push"}
{"level":"info","message":"Push Service is running"}
{"level":"info","message":"Connected to RabbitMQ and listening to queue: push"}
{"level":"info","message":"Push Service is running"}
{"level":"info","message":"Connected to RabbitMQ and listening to queue: push"}
{"level":"info","message":"Push Service is running"}
{"level":"info","message":"Firebase app initialized"}
{"level":"info","message":"Firebase app initialized"}
{"level":"info","message":"Database initialized successfully."}
{"level":"info","message":"Connected to RabbitMQ, listening to queue: push"}
{"level":"info","message":"Push Service is running"}
{"level":"info","message":"Notification saved to DB with ID: 81"}
{"level":"error","message":"Failed to send push notification: The registration token is not a valid FCM registration token"}
{"level":"info","message":"Notification saved to DB with ID: 82"}
{"level":"error","message":"Failed to send push notification: The registration token is not a valid FCM registration token"}
{"level":"info","message":"Firebase app initialized"}
{"level":"info","message":"Database initialized successfully."}
{"level":"info","message":"Connected to RabbitMQ, listening to queue: push"}
{"level":"info","message":"Push Service is running"}
{"level":"info","message":"Firebase app initialized"}
{"level":"info","message":"Database initialized successfully."}
{"level":"info","message":"Connected to RabbitMQ, listening to queue: push"}
{"level":"info","message":"Push Service is running"}
