{"level":"info","message":"Connected to RabbitMQ, listening to queue: sms"}
{"level":"info","message":"SMS Service is running"}
{"level":"info","message":"Connected to RabbitMQ, listening to queue: sms"}
{"level":"info","message":"SMS Service is running"}
{"level":"info","message":"Connected to RabbitMQ, listening to queue: sms"}
{"level":"info","message":"SMS Service is running"}
{"level":"info","message":"Received SMS notification: {\"type\":\"sms\",\"recipient\":\"+123456789\",\"message\":\"Test SMS notification\",\"id\":62}"}
{"level":"info","message":"Connected to RabbitMQ, listening to queue: sms"}
{"level":"info","message":"SMS Service is running"}
{"level":"info","message":"Received SMS notification: {\"type\":\"sms\",\"recipient\":\"+123456789\",\"message\":\"Test SMS notification\",\"id\":62}"}
{"level":"info","message":"Sending SMS to +123456789: Test SMS notification"}
{"level":"info","message":"SMS sent successfully."}
{"level":"info","message":"Received SMS notification: {\"type\":\"sms\",\"recipient\":\"+123456789\",\"message\":\"Test SMS notification\",\"id\":63}"}
{"level":"info","message":"Sending SMS to +123456789: Test SMS notification"}
{"level":"info","message":"SMS sent successfully."}
{"level":"info","message":"Connected to RabbitMQ, listening to queue: sms"}
{"level":"info","message":"SMS Service is running"}
{"level":"info","message":"Connected to RabbitMQ, listening to queue: sms"}
{"level":"info","message":"SMS Service is running"}
{"level":"info","message":"Connected to RabbitMQ, listening to queue: sms"}
{"level":"info","message":"SMS Service is running"}
{"level":"info","message":"Connected to RabbitMQ, listening to queue: sms"}
{"level":"info","message":"SMS Service is running"}
{"level":"info","message":"Connected to RabbitMQ, listening to queue: sms"}
{"level":"info","message":"SMS Service is running"}
{"level":"info","message":"Connected to RabbitMQ, listening to queue: sms"}
{"level":"info","message":"SMS Service is running"}
{"level":"info","message":"Connected to RabbitMQ, listening to queue: sms"}
{"level":"info","message":"SMS Service is running"}
{"level":"info","message":"Connected to RabbitMQ, listening to queue: sms"}
{"level":"info","message":"SMS Service is running"}
{"level":"info","message":"Connected to RabbitMQ, listening to queue: sms"}
{"level":"info","message":"SMS Service is running"}
{"level":"info","message":"Sending SMS to +1234567890: Hello, SMS!"}
{"level":"info","message":"SMS sent successfully."}
{"level":"info","message":"Connected to RabbitMQ, listening to queue: sms"}
{"level":"info","message":"SMS Service is running"}
{"level":"info","message":"Connected to RabbitMQ, listening to queue: sms"}
{"level":"info","message":"SMS Service is running"}
{"level":"info","message":"Sending SMS to +1234567890: Hello, SMS!"}
{"level":"info","message":"SMS sent successfully."}
{"level":"info","message":"Sending SMS to +1234567890: Hello, SMS!"}
{"level":"info","message":"SMS sent successfully."}
{"level":"info","message":"Connected to RabbitMQ, listening to queue: sms"}
{"level":"info","message":"SMS Service is running"}
{"level":"info","message":"Connected to RabbitMQ, listening to queue: sms"}
{"level":"info","message":"SMS Service is running"}
{"level":"info","message":"Connected to RabbitMQ, listening to queue: sms"}
{"level":"info","message":"SMS Service is running"}
{"level":"info","message":"Connected to RabbitMQ, listening to queue: sms"}
{"level":"info","message":"SMS Service is running"}
{"level":"info","message":"Connected to RabbitMQ, listening to queue: sms"}
{"level":"info","message":"SMS Service is running"}
{"level":"info","message":"Connected to RabbitMQ, listening to queue: sms"}
{"level":"info","message":"SMS Service is running"}
{"level":"info","message":"Connected to RabbitMQ, listening to queue: sms"}
{"level":"info","message":"SMS Service is running"}
{"level":"info","message":"Connected to RabbitMQ, listening to queue: sms"}
{"level":"info","message":"SMS Service is running"}
{"level":"info","message":"Connected to RabbitMQ, listening to queue: sms"}
{"level":"info","message":"SMS Service is running"}
{"level":"info","message":"Connected to RabbitMQ, listening to queue: sms"}
{"level":"info","message":"SMS Service is running"}
{"level":"info","message":"Connected to RabbitMQ, listening to queue: sms"}
{"level":"info","message":"SMS Service is running"}
{"level":"info","message":"Connected to RabbitMQ, listening to queue: sms"}
{"level":"info","message":"SMS Service is running"}
{"level":"info","message":"Connected to RabbitMQ, listening to queue: sms"}
{"level":"info","message":"SMS Service is running"}
{"level":"info","message":"Connected to RabbitMQ, listening to queue: sms"}
{"level":"info","message":"SMS Service is running"}
{"level":"info","message":"Database initialized successfully."}
{"level":"info","message":"Connected to RabbitMQ, listening to queue: sms"}
{"level":"info","message":"SMS Service is running"}
{"level":"info","message":"Notification saved to DB with ID: 79"}
{"level":"info","message":"Sending SMS to +1234567890: Test SMS"}
{"level":"info","message":"SMS sent successfully."}
{"level":"info","message":"Database initialized successfully."}
{"level":"info","message":"Connected to RabbitMQ, listening to queue: sms"}
{"level":"info","message":"SMS Service is running"}
{"level":"info","message":"Notification saved to DB with ID: 80"}
{"level":"info","message":"Database initialized successfully."}
{"level":"info","message":"Connected to RabbitMQ, listening to queue: sms"}
{"level":"info","message":"SMS Service is running"}
{"level":"info","message":"Database initialized successfully."}
{"level":"info","message":"Connected to RabbitMQ, listening to queue: sms"}
{"level":"info","message":"SMS Service is running"}
